<?xml version="1.0" encoding="UTF-8"?>
<robot generator="Robot 3.0.4 (Python 3.6.5 on win32)" generated="20180429 23:52:38.570">
<suite id="s1" name="Test" source="E:\Python\Projekty\Robotframework\test.robot">
<test id="s1-t1" name="First test of ncplusgo">
<kw name="Open Ncplusgo Website in Chrome">
<kw name="Open Browser" library="Selenium2Library">
<doc>Opens a new browser instance to the given ``url``.</doc>
<arguments>
<arg>url=${url}</arg>
<arg>browser=${browser}</arg>
</arguments>
<msg timestamp="20180429 23:52:38.742" level="INFO">Opening browser 'chrome' to base url 'http://ncplusgo.pl/'.</msg>
<status status="PASS" starttime="20180429 23:52:38.742" endtime="20180429 23:52:45.800"></status>
</kw>
<kw name="Maximize Browser Window" library="Selenium2Library">
<doc>Maximizes current browser window.</doc>
<status status="PASS" starttime="20180429 23:52:45.800" endtime="20180429 23:52:46.926"></status>
</kw>
<kw name="Log To Console" library="BuiltIn">
<doc>Logs the given message to the console.</doc>
<arguments>
<arg>Website Navigated succesfully</arg>
</arguments>
<status status="PASS" starttime="20180429 23:52:46.927" endtime="20180429 23:52:46.927"></status>
</kw>
<status status="PASS" starttime="20180429 23:52:38.742" endtime="20180429 23:52:46.927"></status>
</kw>
<kw name="Verify the home page title">
<kw name="Title Should Be" library="Selenium2Library">
<doc>Verifies that current page title equals ``title``.</doc>
<arguments>
<arg>${title}</arg>
</arguments>
<msg timestamp="20180429 23:52:46.932" level="INFO">Page title is 'nc+ GO'.</msg>
<status status="PASS" starttime="20180429 23:52:46.928" endtime="20180429 23:52:46.932"></status>
</kw>
<kw name="Log To Console" library="BuiltIn">
<doc>Logs the given message to the console.</doc>
<arguments>
<arg>Title OK</arg>
</arguments>
<status status="PASS" starttime="20180429 23:52:46.932" endtime="20180429 23:52:46.932"></status>
</kw>
<status status="PASS" starttime="20180429 23:52:46.927" endtime="20180429 23:52:46.932"></status>
</kw>
<kw name="Sleep" library="BuiltIn">
<doc>Pauses the test executed for the given time.</doc>
<arguments>
<arg>${timeout}</arg>
</arguments>
<msg timestamp="20180429 23:52:49.936" level="INFO">Slept 3 seconds</msg>
<status status="PASS" starttime="20180429 23:52:46.933" endtime="20180429 23:52:49.936"></status>
</kw>
<kw name="Click on sign-in link">
<kw name="Click Element" library="Selenium2Library">
<doc>Click element identified by ``locator``.</doc>
<arguments>
<arg>xpath=//*[@id="top"]/div/div/div/div/nav/ul/li[3]/a</arg>
</arguments>
<msg timestamp="20180429 23:52:49.936" level="INFO">Clicking element 'xpath=//*[@id="top"]/div/div/div/div/nav/ul/li[3]/a'.</msg>
<status status="PASS" starttime="20180429 23:52:49.936" endtime="20180429 23:52:50.769"></status>
</kw>
<kw name="Log To Console" library="BuiltIn">
<doc>Logs the given message to the console.</doc>
<arguments>
<arg>Clicked</arg>
</arguments>
<status status="PASS" starttime="20180429 23:52:50.769" endtime="20180429 23:52:50.770"></status>
</kw>
<status status="PASS" starttime="20180429 23:52:49.936" endtime="20180429 23:52:50.770"></status>
</kw>
<kw name="Sign in">
<kw name="Input Text" library="Selenium2Library">
<doc>Types the given ``text`` into text field identified by ``locator``.</doc>
<arguments>
<arg>xpath=//*[@id="Email"]</arg>
<arg>${login}</arg>
</arguments>
<msg timestamp="20180429 23:52:50.771" level="INFO">Typing text 'abcd@abcd' into text field 'xpath=//*[@id="Email"]'.</msg>
<status status="PASS" starttime="20180429 23:52:50.770" endtime="20180429 23:52:50.859"></status>
</kw>
<kw name="Input Password" library="Selenium2Library">
<doc>Types the given password into text field identified by ``locator``.</doc>
<arguments>
<arg>xpath=//*[@id="Password"]</arg>
<arg>password=${pass}</arg>
</arguments>
<msg timestamp="20180429 23:52:50.859" level="INFO">Typing password into text field 'xpath=//*[@id="Password"]'.</msg>
<status status="PASS" starttime="20180429 23:52:50.859" endtime="20180429 23:52:50.922"></status>
</kw>
<kw name="Click Element" library="Selenium2Library">
<doc>Click element identified by ``locator``.</doc>
<arguments>
<arg>xpath=//*[@id="login-form"]/fieldset/div/div[1]/div[3]/button</arg>
</arguments>
<msg timestamp="20180429 23:52:50.922" level="INFO">Clicking element 'xpath=//*[@id="login-form"]/fieldset/div/div[1]/div[3]/button'.</msg>
<status status="PASS" starttime="20180429 23:52:50.922" endtime="20180429 23:52:51.525"></status>
</kw>
<kw name="Log To Console" library="BuiltIn">
<doc>Logs the given message to the console.</doc>
<arguments>
<arg>Zalogowano</arg>
</arguments>
<status status="PASS" starttime="20180429 23:52:51.525" endtime="20180429 23:52:51.526"></status>
</kw>
<status status="PASS" starttime="20180429 23:52:50.770" endtime="20180429 23:52:51.526"></status>
</kw>
<kw name="Sleep" library="BuiltIn">
<doc>Pauses the test executed for the given time.</doc>
<arguments>
<arg>20</arg>
</arguments>
<msg timestamp="20180429 23:53:11.536" level="INFO">Slept 20 seconds</msg>
<status status="PASS" starttime="20180429 23:52:51.526" endtime="20180429 23:53:11.536"></status>
</kw>
<kw name="Close Browser" library="Selenium2Library" type="teardown">
<doc>Closes the current browser.</doc>
<status status="PASS" starttime="20180429 23:53:11.536" endtime="20180429 23:53:14.612"></status>
</kw>
<tags>
<tag>DEBUG</tag>
</tags>
<status status="PASS" starttime="20180429 23:52:38.742" endtime="20180429 23:53:14.612" critical="yes"></status>
</test>
<doc>Test ncplusgo.pl</doc>
<status status="PASS" starttime="20180429 23:52:38.570" endtime="20180429 23:53:14.612"></status>
</suite>
<statistics>
<total>
<stat pass="1" fail="0">Critical Tests</stat>
<stat pass="1" fail="0">All Tests</stat>
</total>
<tag>
<stat pass="1" fail="0">DEBUG</stat>
</tag>
<suite>
<stat pass="1" fail="0" id="s1" name="Test">Test</stat>
</suite>
</statistics>
<errors>
</errors>
</robot>
