<?xml version="1.0" encoding="UTF-8"?>
<robot generator="Robot 3.0.4rc1 (Python 3.6.4 on win32)" generated="20180429 20:20:59.750">
<suite id="s1" name="Test" source="E:\Python\Projekty\Robotframework\test.robot">
<test id="s1-t1" name="First test of ncplusgo">
<kw name="Open Ncplusgo Website in Chrome and Maximize">
<kw name="Open Browser" library="Selenium2Library">
<doc>Opens a new browser instance to the given ``url``.</doc>
<arguments>
<arg>url=${URL} browser=chrome</arg>
</arguments>
<msg timestamp="20180429 20:20:59.936" level="INFO">Opening browser 'firefox' to base url 'https://ncplusgo.pl browser=chrome'.</msg>
<kw name="Capture Page Screenshot" library="Selenium2Library">
<doc>Takes screenshot of the current page and embeds it into log file.</doc>
<msg timestamp="20180429 20:20:59.942" level="INFO">Cannot capture screenshot because no browser is open.</msg>
<status status="PASS" starttime="20180429 20:20:59.942" endtime="20180429 20:20:59.942"></status>
</kw>
<msg timestamp="20180429 20:20:59.945" level="FAIL">WebDriverException: Message: 'geckodriver' executable needs to be in PATH. 
</msg>
<status status="FAIL" starttime="20180429 20:20:59.936" endtime="20180429 20:20:59.945"></status>
</kw>
<status status="FAIL" starttime="20180429 20:20:59.935" endtime="20180429 20:20:59.945"></status>
</kw>
<kw name="Close Browser" library="Selenium2Library" type="teardown">
<doc>Closes the current browser.</doc>
<status status="PASS" starttime="20180429 20:20:59.946" endtime="20180429 20:20:59.946"></status>
</kw>
<tags>
<tag>DEBUG</tag>
</tags>
<status status="FAIL" starttime="20180429 20:20:59.935" endtime="20180429 20:20:59.946" critical="yes">WebDriverException: Message: 'geckodriver' executable needs to be in PATH. 
</status>
</test>
<doc>Test ncplusgo.pl</doc>
<status status="FAIL" starttime="20180429 20:20:59.753" endtime="20180429 20:20:59.947"></status>
</suite>
<statistics>
<total>
<stat pass="0" fail="1">Critical Tests</stat>
<stat pass="0" fail="1">All Tests</stat>
</total>
<tag>
<stat pass="0" fail="1">DEBUG</stat>
</tag>
<suite>
<stat pass="0" fail="1" id="s1" name="Test">Test</stat>
</suite>
</statistics>
<errors>
</errors>
</robot>
